[2024-07-01T15:06:40.415644+00:00] main.INFO: {"feed":"undefined","operation":"undefined","status":"Setting mode Update On Schedule for indexer Stores Feed","elapsed":"844 ms","pid":"54","caller":"bin\/magento setup:install --db-host=db --db-name=magento --db-user=magento --db-password=magento"} [] []
[2024-07-01T15:06:40.581615+00:00] main.INFO: {"feed":"undefined","operation":"undefined","status":"Setting mode Update On Schedule for indexer Sales Order Feed","elapsed":"00:00:00 10 ms","pid":"54","caller":"bin\/magento setup:install --db-host=db --db-name=magento --db-user=magento --db-password=magento"} [] []
[2024-07-01T15:06:40.765554+00:00] main.INFO: {"feed":"undefined","operation":"undefined","status":"Setting mode Update On Schedule for indexer Sales Order Statuses Feed","elapsed":"00:00:00 194 ms","pid":"54","caller":"bin\/magento setup:install --db-host=db --db-name=magento --db-user=magento --db-password=magento"} [] []
[2024-07-01T15:09:05.819301+00:00] main.INFO: {"feed":"stores","operation":"full reindex(legacy)","status":"Initialize","elapsed":"00:00:00 651 ms","pid":"73","caller":"bin\/magento indexer:reindex"} [] []
[2024-07-01T15:09:05.861626+00:00] main.INFO: {"feed":"stores","operation":"full reindex(legacy)","status":"Creating batch table `stores_data_exporter_index_batches`. Start position: 0","elapsed":"00:00:00 694 ms","pid":"73","caller":"bin\/magento indexer:reindex"} [] []
[2024-07-01T15:09:05.885814+00:00] main.INFO: {"feed":"stores","operation":"full reindex(legacy)","status":"Batch table `stores_data_exporter_index_batches` created. Total Items: 1, batches: ~0","elapsed":"00:00:00 718 ms","pid":"73","caller":"bin\/magento indexer:reindex"} [] []
[2024-07-01T15:09:05.886209+00:00] main.INFO: {"feed":"stores","operation":"full reindex(legacy)","status":"start processing `1` items in `1` threads with `100` batch size","elapsed":"00:00:00 718 ms","pid":"73","caller":"bin\/magento indexer:reindex"} [] []
[2024-07-01T15:09:05.916552+00:00] main.INFO: {"feed":"stores","operation":"full reindex(legacy)","status":"Progress 1\/1, processed 1, synced 1","elapsed":"00:00:00 749 ms","pid":"73","caller":"bin\/magento indexer:reindex"} [] []
[2024-07-01T15:09:05.919012+00:00] main.INFO: {"feed":"stores","operation":"full reindex(legacy)","status":"Complete","elapsed":"00:00:00 751 ms","pid":"73","caller":"bin\/magento indexer:reindex"} [] []
[2024-07-01T15:09:05.935569+00:00] main.INFO: {"feed":"salesOrders","operation":"full reindex(legacy)","status":"Initialize","elapsed":"00:00:00 884 ms","pid":"73","caller":"bin\/magento indexer:reindex"} [] []
[2024-07-01T15:09:05.979564+00:00] main.INFO: {"feed":"salesOrders","operation":"full reindex(legacy)","status":"Creating batch table `sales_data_exporter_orders_index_batches`. Start position: 0","elapsed":"00:00:00 928 ms","pid":"73","caller":"bin\/magento indexer:reindex"} [] []
[2024-07-01T15:09:06.000046+00:00] main.INFO: {"feed":"salesOrders","operation":"full reindex(legacy)","status":"Batch table `sales_data_exporter_orders_index_batches` created. Total Items: 0, batches: ~0","elapsed":"00:00:01 948 ms","pid":"73","caller":"bin\/magento indexer:reindex"} [] []
[2024-07-01T15:09:06.000231+00:00] main.INFO: {"feed":"salesOrders","operation":"full reindex(legacy)","status":"nothing to process - no items to sync. Not expected? Are there any items in source table `sales_order`?","elapsed":"00:00:01 948 ms","pid":"73","caller":"bin\/magento indexer:reindex"} [] []
[2024-07-01T15:09:06.001263+00:00] main.INFO: {"feed":"salesOrders","operation":"full reindex(legacy)","status":"Complete","elapsed":"00:00:01 950 ms","pid":"73","caller":"bin\/magento indexer:reindex"} [] []
[2024-07-01T15:09:06.019628+00:00] main.INFO: {"feed":"salesOrderStatuses","operation":"full reindex(legacy)","status":"Initialize","elapsed":"52 ms","pid":"73","caller":"bin\/magento indexer:reindex"} [] []
[2024-07-01T15:09:06.058242+00:00] main.INFO: {"feed":"salesOrderStatuses","operation":"full reindex(legacy)","status":"Creating batch table `sales_data_exporter_order_statuses_index_batches`. Start position: ","elapsed":"91 ms","pid":"73","caller":"bin\/magento indexer:reindex"} [] []
[2024-07-01T15:09:06.084125+00:00] main.INFO: {"feed":"salesOrderStatuses","operation":"full reindex(legacy)","status":"Batch table `sales_data_exporter_order_statuses_index_batches` created. Total Items: 12, batches: ~0","elapsed":"116 ms","pid":"73","caller":"bin\/magento indexer:reindex"} [] []
[2024-07-01T15:09:06.084314+00:00] main.INFO: {"feed":"salesOrderStatuses","operation":"full reindex(legacy)","status":"start processing `12` items in `1` threads with `100` batch size","elapsed":"117 ms","pid":"73","caller":"bin\/magento indexer:reindex"} [] []
[2024-07-01T15:09:06.092756+00:00] main.INFO: {"feed":"salesOrderStatuses","operation":"full reindex(legacy)","status":"Progress 1\/1, processed 12, synced 12","elapsed":"125 ms","pid":"73","caller":"bin\/magento indexer:reindex"} [] []
[2024-07-01T15:09:06.095188+00:00] main.INFO: {"feed":"salesOrderStatuses","operation":"full reindex(legacy)","status":"Complete","elapsed":"127 ms","pid":"73","caller":"bin\/magento indexer:reindex"} [] []
[2024-07-01T18:49:34.487351+00:00] main.INFO: {"feed":"stores","operation":"full reindex(legacy)","status":"Initialize","elapsed":"00:00:00 519 ms","pid":"106","caller":"bin\/magento setup:upgrade"} [] []
[2024-07-01T18:49:34.530171+00:00] main.INFO: {"feed":"stores","operation":"full reindex(legacy)","status":"Creating batch table `stores_data_exporter_index_batches`. Start position: 0","elapsed":"00:00:00 562 ms","pid":"106","caller":"bin\/magento setup:upgrade"} [] []
[2024-07-01T18:49:34.554749+00:00] main.INFO: {"feed":"stores","operation":"full reindex(legacy)","status":"Batch table `stores_data_exporter_index_batches` created. Total Items: 1, batches: ~0","elapsed":"00:00:00 586 ms","pid":"106","caller":"bin\/magento setup:upgrade"} [] []
[2024-07-01T18:49:34.554961+00:00] main.INFO: {"feed":"stores","operation":"full reindex(legacy)","status":"start processing `1` items in `1` threads with `100` batch size","elapsed":"00:00:00 587 ms","pid":"106","caller":"bin\/magento setup:upgrade"} [] []
[2024-07-01T18:49:34.593902+00:00] main.INFO: {"feed":"stores","operation":"full reindex(legacy)","status":"Progress 1\/1, processed 1, synced 1","elapsed":"00:00:00 626 ms","pid":"106","caller":"bin\/magento setup:upgrade"} [] []
[2024-07-01T18:49:34.596584+00:00] main.INFO: {"feed":"stores","operation":"full reindex(legacy)","status":"Complete","elapsed":"00:00:00 628 ms","pid":"106","caller":"bin\/magento setup:upgrade"} [] []
[2024-07-01T18:49:34.615049+00:00] main.INFO: {"feed":"salesOrders","operation":"full reindex(legacy)","status":"Initialize","elapsed":"00:00:00 774 ms","pid":"106","caller":"bin\/magento setup:upgrade"} [] []
[2024-07-01T18:49:34.653355+00:00] main.INFO: {"feed":"salesOrders","operation":"full reindex(legacy)","status":"Creating batch table `sales_data_exporter_orders_index_batches`. Start position: 0","elapsed":"00:00:00 813 ms","pid":"106","caller":"bin\/magento setup:upgrade"} [] []
[2024-07-01T18:49:34.680115+00:00] main.INFO: {"feed":"salesOrders","operation":"full reindex(legacy)","status":"Batch table `sales_data_exporter_orders_index_batches` created. Total Items: 2, batches: ~0","elapsed":"00:00:00 840 ms","pid":"106","caller":"bin\/magento setup:upgrade"} [] []
[2024-07-01T18:49:34.680283+00:00] main.INFO: {"feed":"salesOrders","operation":"full reindex(legacy)","status":"start processing `2` items in `1` threads with `100` batch size","elapsed":"00:00:00 840 ms","pid":"106","caller":"bin\/magento setup:upgrade"} [] []
[2024-07-01T18:49:34.693496+00:00] main.INFO: {"feed":"salesOrders","operation":"full reindex(legacy)","status":"Progress 1\/1, processed 2, synced 0","elapsed":"00:00:00 853 ms","pid":"106","caller":"bin\/magento setup:upgrade"} [] []
[2024-07-01T18:49:34.696112+00:00] main.INFO: {"feed":"salesOrders","operation":"full reindex(legacy)","status":"Complete","elapsed":"00:00:00 856 ms","pid":"106","caller":"bin\/magento setup:upgrade"} [] []
[2024-07-01T18:49:34.717031+00:00] main.INFO: {"feed":"salesOrderStatuses","operation":"full reindex(legacy)","status":"Initialize","elapsed":"00:00:00 978 ms","pid":"106","caller":"bin\/magento setup:upgrade"} [] []
[2024-07-01T18:49:34.751110+00:00] main.INFO: {"feed":"salesOrderStatuses","operation":"full reindex(legacy)","status":"Creating batch table `sales_data_exporter_order_statuses_index_batches`. Start position: ","elapsed":"00:00:01 13 ms","pid":"106","caller":"bin\/magento setup:upgrade"} [] []
[2024-07-01T18:49:34.776466+00:00] main.INFO: {"feed":"salesOrderStatuses","operation":"full reindex(legacy)","status":"Batch table `sales_data_exporter_order_statuses_index_batches` created. Total Items: 12, batches: ~0","elapsed":"00:00:01 38 ms","pid":"106","caller":"bin\/magento setup:upgrade"} [] []
[2024-07-01T18:49:34.776643+00:00] main.INFO: {"feed":"salesOrderStatuses","operation":"full reindex(legacy)","status":"start processing `12` items in `1` threads with `100` batch size","elapsed":"00:00:01 38 ms","pid":"106","caller":"bin\/magento setup:upgrade"} [] []
[2024-07-01T18:49:34.785323+00:00] main.INFO: {"feed":"salesOrderStatuses","operation":"full reindex(legacy)","status":"Progress 1\/1, processed 12, synced 12","elapsed":"00:00:01 47 ms","pid":"106","caller":"bin\/magento setup:upgrade"} [] []
[2024-07-01T18:49:34.787921+00:00] main.INFO: {"feed":"salesOrderStatuses","operation":"full reindex(legacy)","status":"Complete","elapsed":"00:00:01 49 ms","pid":"106","caller":"bin\/magento setup:upgrade"} [] []
[2024-07-01T21:19:26.193629+00:00] main.INFO: {"feed":"undefined","operation":"undefined","status":"Setting mode Update On Schedule for indexer Stores Feed","elapsed":"00:00:00 202 ms","pid":"54","caller":"bin\/magento setup:install --db-host=db --db-name=magento --db-user=magento --db-password=magento"} [] []
[2024-07-01T21:19:26.355249+00:00] main.INFO: {"feed":"undefined","operation":"undefined","status":"Setting mode Update On Schedule for indexer Sales Order Feed","elapsed":"00:00:00 363 ms","pid":"54","caller":"bin\/magento setup:install --db-host=db --db-name=magento --db-user=magento --db-password=magento"} [] []
[2024-07-01T21:19:26.534020+00:00] main.INFO: {"feed":"undefined","operation":"undefined","status":"Setting mode Update On Schedule for indexer Sales Order Statuses Feed","elapsed":"00:00:00 542 ms","pid":"54","caller":"bin\/magento setup:install --db-host=db --db-name=magento --db-user=magento --db-password=magento"} [] []
[2024-07-01T21:22:41.750407+00:00] main.INFO: {"feed":"stores","operation":"full reindex(legacy)","status":"Initialize","elapsed":"315 ms","pid":"54","caller":"bin\/magento setup:install --db-host=db --db-name=magento --db-user=magento --db-password=magento"} [] []
[2024-07-01T21:22:41.873812+00:00] main.INFO: {"feed":"stores","operation":"full reindex(legacy)","status":"Creating batch table `stores_data_exporter_index_batches`. Start position: 0","elapsed":"439 ms","pid":"54","caller":"bin\/magento setup:install --db-host=db --db-name=magento --db-user=magento --db-password=magento"} [] []
[2024-07-01T21:22:41.929176+00:00] main.INFO: {"feed":"stores","operation":"full reindex(legacy)","status":"Batch table `stores_data_exporter_index_batches` created. Total Items: 1, batches: ~0","elapsed":"494 ms","pid":"54","caller":"bin\/magento setup:install --db-host=db --db-name=magento --db-user=magento --db-password=magento"} [] []
[2024-07-01T21:22:41.929386+00:00] main.INFO: {"feed":"stores","operation":"full reindex(legacy)","status":"start processing `1` items in `1` threads with `100` batch size","elapsed":"494 ms","pid":"54","caller":"bin\/magento setup:install --db-host=db --db-name=magento --db-user=magento --db-password=magento"} [] []
[2024-07-01T21:22:41.963579+00:00] main.INFO: {"feed":"stores","operation":"full reindex(legacy)","status":"Progress 1\/1, processed 1, synced 1","elapsed":"529 ms","pid":"54","caller":"bin\/magento setup:install --db-host=db --db-name=magento --db-user=magento --db-password=magento"} [] []
[2024-07-01T21:22:41.966890+00:00] main.INFO: {"feed":"stores","operation":"full reindex(legacy)","status":"Complete","elapsed":"532 ms","pid":"54","caller":"bin\/magento setup:install --db-host=db --db-name=magento --db-user=magento --db-password=magento"} [] []
[2024-07-01T21:22:41.993252+00:00] main.INFO: {"feed":"salesOrders","operation":"full reindex(legacy)","status":"Initialize","elapsed":"801 ms","pid":"54","caller":"bin\/magento setup:install --db-host=db --db-name=magento --db-user=magento --db-password=magento"} [] []
[2024-07-01T21:22:42.038882+00:00] main.INFO: {"feed":"salesOrders","operation":"full reindex(legacy)","status":"Creating batch table `sales_data_exporter_orders_index_batches`. Start position: 0","elapsed":"847 ms","pid":"54","caller":"bin\/magento setup:install --db-host=db --db-name=magento --db-user=magento --db-password=magento"} [] []
[2024-07-01T21:22:42.062031+00:00] main.INFO: {"feed":"salesOrders","operation":"full reindex(legacy)","status":"Batch table `sales_data_exporter_orders_index_batches` created. Total Items: 2, batches: ~0","elapsed":"870 ms","pid":"54","caller":"bin\/magento setup:install --db-host=db --db-name=magento --db-user=magento --db-password=magento"} [] []
[2024-07-01T21:22:42.062230+00:00] main.INFO: {"feed":"salesOrders","operation":"full reindex(legacy)","status":"start processing `2` items in `1` threads with `100` batch size","elapsed":"870 ms","pid":"54","caller":"bin\/magento setup:install --db-host=db --db-name=magento --db-user=magento --db-password=magento"} [] []
[2024-07-01T21:22:42.067942+00:00] main.INFO: {"feed":"salesOrders","operation":"full reindex(legacy)","status":"Progress 1\/1, processed 2, synced 0","elapsed":"876 ms","pid":"54","caller":"bin\/magento setup:install --db-host=db --db-name=magento --db-user=magento --db-password=magento"} [] []
[2024-07-01T21:22:42.070635+00:00] main.INFO: {"feed":"salesOrders","operation":"full reindex(legacy)","status":"Complete","elapsed":"878 ms","pid":"54","caller":"bin\/magento setup:install --db-host=db --db-name=magento --db-user=magento --db-password=magento"} [] []
[2024-07-01T21:22:42.087799+00:00] main.INFO: {"feed":"salesOrderStatuses","operation":"full reindex(legacy)","status":"Initialize","elapsed":"990 ms","pid":"54","caller":"bin\/magento setup:install --db-host=db --db-name=magento --db-user=magento --db-password=magento"} [] []
[2024-07-01T21:22:42.123518+00:00] main.INFO: {"feed":"salesOrderStatuses","operation":"full reindex(legacy)","status":"Creating batch table `sales_data_exporter_order_statuses_index_batches`. Start position: ","elapsed":"00:00:00 26 ms","pid":"54","caller":"bin\/magento setup:install --db-host=db --db-name=magento --db-user=magento --db-password=magento"} [] []
[2024-07-01T21:22:42.165064+00:00] main.INFO: {"feed":"salesOrderStatuses","operation":"full reindex(legacy)","status":"Batch table `sales_data_exporter_order_statuses_index_batches` created. Total Items: 12, batches: ~0","elapsed":"00:00:00 67 ms","pid":"54","caller":"bin\/magento setup:install --db-host=db --db-name=magento --db-user=magento --db-password=magento"} [] []
[2024-07-01T21:22:42.165338+00:00] main.INFO: {"feed":"salesOrderStatuses","operation":"full reindex(legacy)","status":"start processing `12` items in `1` threads with `100` batch size","elapsed":"00:00:00 68 ms","pid":"54","caller":"bin\/magento setup:install --db-host=db --db-name=magento --db-user=magento --db-password=magento"} [] []
[2024-07-01T21:22:42.202963+00:00] main.INFO: {"feed":"salesOrderStatuses","operation":"full reindex(legacy)","status":"Progress 1\/1, processed 12, synced 12","elapsed":"00:00:00 105 ms","pid":"54","caller":"bin\/magento setup:install --db-host=db --db-name=magento --db-user=magento --db-password=magento"} [] []
[2024-07-01T21:22:42.207013+00:00] main.INFO: {"feed":"salesOrderStatuses","operation":"full reindex(legacy)","status":"Complete","elapsed":"00:00:00 109 ms","pid":"54","caller":"bin\/magento setup:install --db-host=db --db-name=magento --db-user=magento --db-password=magento"} [] []
